<?xml version="1.0" encoding="UTF-8"?>
<!-- Generated by org.testng.reporters.JUnitReportReporter -->
<testsuite skipped="0" hostname="Keyutechs-MacBook-Pro.local" name="Regression.Click_contactus_passData" tests="1" failures="0" timestamp="2021-05-27T20:43:53 IST" time="31.289" errors="0">
  <testcase name="EmailUs" time="31.289" classname="Regression.Click_contactus_passData"/>
  <system-out/>
</testsuite> <!-- Regression.Click_contactus_passData -->
